c:\users\pa_vu\desktop\comp345-risk-master\comp345-final delivery-with-mapmanager\comp345-delivery02\debug\vc120.pdb
c:\users\pa_vu\desktop\comp345-risk-master\comp345-final delivery-with-mapmanager\comp345-delivery02\debug\vc120.idb
c:\users\pa_vu\desktop\comp345-risk-master\comp345-final delivery-with-mapmanager\comp345-delivery02\debug\country.obj
c:\users\pa_vu\desktop\comp345-risk-master\comp345-final delivery-with-mapmanager\comp345-delivery02\debug\driver.obj
c:\users\pa_vu\desktop\comp345-risk-master\comp345-final delivery-with-mapmanager\comp345-delivery02\debug\fortification.obj
c:\users\pa_vu\desktop\comp345-risk-master\comp345-final delivery-with-mapmanager\comp345-delivery02\debug\gamelogger.obj
c:\users\pa_vu\desktop\comp345-risk-master\comp345-final delivery-with-mapmanager\comp345-delivery02\debug\gamestatdecorator.obj
c:\users\pa_vu\desktop\comp345-risk-master\comp345-final delivery-with-mapmanager\comp345-delivery02\debug\gamestatobserver.obj
c:\users\pa_vu\desktop\comp345-risk-master\comp345-final delivery-with-mapmanager\comp345-delivery02\debug\gamestatsubject.obj
c:\users\pa_vu\desktop\comp345-risk-master\comp345-final delivery-with-mapmanager\comp345-delivery02\debug\main.obj
c:\users\pa_vu\desktop\comp345-risk-master\comp345-final delivery-with-mapmanager\comp345-delivery02\debug\map.obj
c:\users\pa_vu\desktop\comp345-risk-master\comp345-final delivery-with-mapmanager\comp345-delivery02\debug\mapmanager.obj
c:\users\pa_vu\desktop\comp345-risk-master\comp345-final delivery-with-mapmanager\comp345-delivery02\debug\observer.obj
c:\users\pa_vu\desktop\comp345-risk-master\comp345-final delivery-with-mapmanager\comp345-delivery02\debug\phaselogger.obj
c:\users\pa_vu\desktop\comp345-risk-master\comp345-final delivery-with-mapmanager\comp345-delivery02\debug\player.obj
c:\users\pa_vu\desktop\comp345-risk-master\comp345-final delivery-with-mapmanager\comp345-delivery02\debug\playerlogger.obj
c:\users\pa_vu\desktop\comp345-risk-master\comp345-final delivery-with-mapmanager\comp345-delivery02\debug\playersubject.obj
c:\users\pa_vu\desktop\comp345-risk-master\comp345-final delivery-with-mapmanager\comp345-delivery02\debug\playerview.obj
c:\users\pa_vu\desktop\comp345-risk-master\comp345-final delivery-with-mapmanager\comp345-delivery02\debug\reinforcement.obj
c:\users\pa_vu\desktop\comp345-risk-master\comp345-final delivery-with-mapmanager\comp345-delivery02\debug\selectandbattle.obj
c:\users\pa_vu\desktop\comp345-risk-master\comp345-final delivery-with-mapmanager\comp345-delivery02\debug\subject.obj
c:\users\pa_vu\desktop\comp345-risk-master\comp345-final delivery-with-mapmanager\comp345-delivery02\debug\worldcontrolleddecorator.obj
c:\users\pa_vu\desktop\comp345-risk-master\comp345-final delivery-with-mapmanager\comp345-delivery02\debug\battle.obj
c:\users\pa_vu\desktop\comp345-risk-master\comp345-final delivery-with-mapmanager\comp345-delivery02\debug\battleswondecorator.obj
c:\users\pa_vu\desktop\comp345-risk-master\comp345-final delivery-with-mapmanager\comp345-delivery02\debug\continent.obj
c:\users\pa_vu\desktop\comp345-risk-master\comp345-final delivery-with-mapmanager\debug\comp345-delivery02.ilk
c:\users\pa_vu\desktop\comp345-risk-master\comp345-final delivery-with-mapmanager\debug\comp345-delivery02.exe
c:\users\pa_vu\desktop\comp345-risk-master\comp345-final delivery-with-mapmanager\debug\comp345-delivery02.pdb
c:\users\pa_vu\desktop\comp345-risk-master\comp345-final delivery-with-mapmanager\comp345-delivery02\debug\comp345-.d9c26562.tlog\cl.command.1.tlog
c:\users\pa_vu\desktop\comp345-risk-master\comp345-final delivery-with-mapmanager\comp345-delivery02\debug\comp345-.d9c26562.tlog\cl.read.1.tlog
c:\users\pa_vu\desktop\comp345-risk-master\comp345-final delivery-with-mapmanager\comp345-delivery02\debug\comp345-.d9c26562.tlog\cl.write.1.tlog
c:\users\pa_vu\desktop\comp345-risk-master\comp345-final delivery-with-mapmanager\comp345-delivery02\debug\comp345-.d9c26562.tlog\link.command.1.tlog
c:\users\pa_vu\desktop\comp345-risk-master\comp345-final delivery-with-mapmanager\comp345-delivery02\debug\comp345-.d9c26562.tlog\link.read.1.tlog
c:\users\pa_vu\desktop\comp345-risk-master\comp345-final delivery-with-mapmanager\comp345-delivery02\debug\comp345-.d9c26562.tlog\link.write.1.tlog
