Build started 12/2/2015 4:59:51 PM.
     1>Project "C:\Users\z_eugeni\Desktop\comp345-delivery02\comp345-delivery02\comp345-delivery02.vcxproj" on node 2 (Build target(s)).
     1>ClCompile:
         C:\Program Files (x86)\Microsoft Visual Studio 12.0\VC\bin\CL.exe /c /ZI /nologo /W3 /WX- /Od /Oy- /D WIN32 /D _DEBUG /D _CONSOLE /D _LIB /D _UNICODE /D UNICODE /Gm /EHsc /RTC1 /MDd /GS /fp:precise /Zc:wchar_t /Zc:forScope /Fo"Debug\\" /Fd"Debug\vc120.pdb" /Gd /TP /analyze- /errorReport:prompt Reinforcement.cpp
         Reinforcement.cpp
     1>c:\users\z_eugeni\desktop\comp345-delivery02\comp345-delivery02\reinforcement.cpp(22): warning C4018: '<' : signed/unsigned mismatch
     1>c:\users\z_eugeni\desktop\comp345-delivery02\comp345-delivery02\reinforcement.cpp(30): warning C4018: '<' : signed/unsigned mismatch
     1>c:\users\z_eugeni\desktop\comp345-delivery02\comp345-delivery02\reinforcement.cpp(36): warning C4018: '<' : signed/unsigned mismatch
     1>c:\users\z_eugeni\desktop\comp345-delivery02\comp345-delivery02\reinforcement.cpp(207): warning C4018: '<' : signed/unsigned mismatch
     1>c:\users\z_eugeni\desktop\comp345-delivery02\comp345-delivery02\reinforcement.cpp(274): warning C4715: 'Reinforcement::ReinforcementPhase' : not all control paths return a value
       Link:
         C:\Program Files (x86)\Microsoft Visual Studio 12.0\VC\bin\link.exe /ERRORREPORT:PROMPT /OUT:"C:\Users\z_eugeni\Desktop\comp345-delivery02\Debug\comp345-delivery02.exe" /INCREMENTAL /NOLOGO kernel32.lib user32.lib gdi32.lib winspool.lib comdlg32.lib advapi32.lib shell32.lib ole32.lib oleaut32.lib uuid.lib odbc32.lib odbccp32.lib /MANIFEST /MANIFESTUAC:"level='asInvoker' uiAccess='false'" /manifest:embed /DEBUG /PDB:"C:\Users\z_eugeni\Desktop\comp345-delivery02\Debug\comp345-delivery02.pdb" /SUBSYSTEM:CONSOLE /TLBID:1 /DYNAMICBASE /NXCOMPAT /IMPLIB:"C:\Users\z_eugeni\Desktop\comp345-delivery02\Debug\comp345-delivery02.lib" /MACHINE:X86 Debug\Battle.obj
         Debug\Continent.obj
         Debug\Country.obj
         Debug\driver.obj
         Debug\Fortification.obj
         Debug\gamelogger.obj
         Debug\main.obj
         Debug\observer.obj
         Debug\phaselogger.obj
         Debug\Player.obj
         Debug\playerlogger.obj
         Debug\Reinforcement.obj
         Debug\SelectandBattle.obj
         Debug\subject.obj
         comp345-delivery02.vcxproj -> C:\Users\z_eugeni\Desktop\comp345-delivery02\Debug\comp345-delivery02.exe
     1>Done Building Project "C:\Users\z_eugeni\Desktop\comp345-delivery02\comp345-delivery02\comp345-delivery02.vcxproj" (Build target(s)).

Build succeeded.

Time Elapsed 00:00:00.84
