c:\users\z_eugeni\desktop\comp345-delivery02\comp345-delivery02\debug\vc120.pdb
c:\users\z_eugeni\desktop\comp345-delivery02\comp345-delivery02\debug\vc120.idb
c:\users\z_eugeni\desktop\comp345-delivery02\comp345-delivery02\debug\battle.obj
c:\users\z_eugeni\desktop\comp345-delivery02\comp345-delivery02\debug\continent.obj
c:\users\z_eugeni\desktop\comp345-delivery02\comp345-delivery02\debug\country.obj
c:\users\z_eugeni\desktop\comp345-delivery02\comp345-delivery02\debug\driver.obj
c:\users\z_eugeni\desktop\comp345-delivery02\comp345-delivery02\debug\fortification.obj
c:\users\z_eugeni\desktop\comp345-delivery02\comp345-delivery02\debug\gamelogger.obj
c:\users\z_eugeni\desktop\comp345-delivery02\comp345-delivery02\debug\main.obj
c:\users\z_eugeni\desktop\comp345-delivery02\comp345-delivery02\debug\observer.obj
c:\users\z_eugeni\desktop\comp345-delivery02\comp345-delivery02\debug\phaselogger.obj
c:\users\z_eugeni\desktop\comp345-delivery02\comp345-delivery02\debug\player.obj
c:\users\z_eugeni\desktop\comp345-delivery02\comp345-delivery02\debug\playerlogger.obj
c:\users\z_eugeni\desktop\comp345-delivery02\comp345-delivery02\debug\reinforcement.obj
c:\users\z_eugeni\desktop\comp345-delivery02\comp345-delivery02\debug\subject.obj
c:\users\z_eugeni\desktop\comp345-delivery02\comp345-delivery02\debug\selectandbattle.obj
c:\users\z_eugeni\desktop\comp345-delivery02\debug\comp345-delivery02.ilk
c:\users\z_eugeni\desktop\comp345-delivery02\debug\comp345-delivery02.exe
c:\users\z_eugeni\desktop\comp345-delivery02\debug\comp345-delivery02.pdb
c:\users\z_eugeni\desktop\comp345-delivery02\comp345-delivery02\debug\comp345-.d9c26562.tlog\cl.command.1.tlog
c:\users\z_eugeni\desktop\comp345-delivery02\comp345-delivery02\debug\comp345-.d9c26562.tlog\cl.read.1.tlog
c:\users\z_eugeni\desktop\comp345-delivery02\comp345-delivery02\debug\comp345-.d9c26562.tlog\cl.write.1.tlog
c:\users\z_eugeni\desktop\comp345-delivery02\comp345-delivery02\debug\comp345-.d9c26562.tlog\link.command.1.tlog
c:\users\z_eugeni\desktop\comp345-delivery02\comp345-delivery02\debug\comp345-.d9c26562.tlog\link.read.1.tlog
c:\users\z_eugeni\desktop\comp345-delivery02\comp345-delivery02\debug\comp345-.d9c26562.tlog\link.write.1.tlog
