Build started 2015-12-03 2:23:21 AM.
     1>Project "C:\Users\milkythunderous\Documents\School\Concordia\Fall 2015\comp345\comp345-PROJECT\COMP345-Risk\comp345-final delivery-with-MapManager\comp345-delivery02\comp345-delivery02.vcxproj" on node 2 (Build target(s)).
     1>ClCompile:
         C:\Program Files (x86)\Microsoft Visual Studio 12.0\VC\bin\CL.exe /c /ZI /nologo /W3 /WX- /Od /Oy- /D WIN32 /D _DEBUG /D _CONSOLE /D _LIB /D _UNICODE /D UNICODE /Gm /EHsc /RTC1 /MDd /GS /fp:precise /Zc:wchar_t /Zc:forScope /Fo"Debug\\" /Fd"Debug\vc120.pdb" /Gd /TP /analyze- /errorReport:prompt Battle.cpp Fortification.cpp Reinforcement.cpp driver.cpp
         driver.cpp
         Reinforcement.cpp
     1>c:\users\milkythunderous\documents\school\concordia\fall 2015\comp345\comp345-project\comp345-risk\comp345-final delivery-with-mapmanager\comp345-delivery02\reinforcement.cpp(20): warning C4018: '<' : signed/unsigned mismatch
     1>c:\users\milkythunderous\documents\school\concordia\fall 2015\comp345\comp345-project\comp345-risk\comp345-final delivery-with-mapmanager\comp345-delivery02\reinforcement.cpp(29): warning C4018: '<' : signed/unsigned mismatch
     1>c:\users\milkythunderous\documents\school\concordia\fall 2015\comp345\comp345-project\comp345-risk\comp345-final delivery-with-mapmanager\comp345-delivery02\reinforcement.cpp(37): warning C4018: '<' : signed/unsigned mismatch
     1>c:\users\milkythunderous\documents\school\concordia\fall 2015\comp345\comp345-project\comp345-risk\comp345-final delivery-with-mapmanager\comp345-delivery02\reinforcement.cpp(209): warning C4018: '<' : signed/unsigned mismatch
         Fortification.cpp
     1>c:\users\milkythunderous\documents\school\concordia\fall 2015\comp345\comp345-project\comp345-risk\comp345-final delivery-with-mapmanager\comp345-delivery02\fortification.cpp(21): warning C4018: '<' : signed/unsigned mismatch
     1>c:\users\milkythunderous\documents\school\concordia\fall 2015\comp345\comp345-project\comp345-risk\comp345-final delivery-with-mapmanager\comp345-delivery02\fortification.cpp(53): warning C4018: '<' : signed/unsigned mismatch
     1>c:\users\milkythunderous\documents\school\concordia\fall 2015\comp345\comp345-project\comp345-risk\comp345-final delivery-with-mapmanager\comp345-delivery02\fortification.cpp(75): warning C4018: '<' : signed/unsigned mismatch
         Battle.cpp
         Generating Code...
     1>c:\users\milkythunderous\documents\school\concordia\fall 2015\comp345\comp345-project\comp345-risk\comp345-final delivery-with-mapmanager\comp345-delivery02\reinforcement.cpp(275): warning C4715: 'Reinforcement::ReinforcementPhase' : not all control paths return a value
       Link:
         C:\Program Files (x86)\Microsoft Visual Studio 12.0\VC\bin\link.exe /ERRORREPORT:PROMPT /OUT:"C:\Users\milkythunderous\Documents\School\Concordia\Fall 2015\comp345\comp345-PROJECT\COMP345-Risk\comp345-final delivery-with-MapManager\Debug\comp345-delivery02.exe" /INCREMENTAL /NOLOGO kernel32.lib user32.lib gdi32.lib winspool.lib comdlg32.lib advapi32.lib shell32.lib ole32.lib oleaut32.lib uuid.lib odbc32.lib odbccp32.lib /MANIFEST /MANIFESTUAC:"level='asInvoker' uiAccess='false'" /manifest:embed /DEBUG /PDB:"C:\Users\milkythunderous\Documents\School\Concordia\Fall 2015\comp345\comp345-PROJECT\COMP345-Risk\comp345-final delivery-with-MapManager\Debug\comp345-delivery02.pdb" /SUBSYSTEM:CONSOLE /TLBID:1 /DYNAMICBASE /NXCOMPAT /IMPLIB:"C:\Users\milkythunderous\Documents\School\Concordia\Fall 2015\comp345\comp345-PROJECT\COMP345-Risk\comp345-final delivery-with-MapManager\Debug\comp345-delivery02.lib" /MACHINE:X86 Debug\Battle.obj
         Debug\Continent.obj
         Debug\Country.obj
         Debug\driver.obj
         Debug\Fortification.obj
         Debug\gamelogger.obj
         Debug\main.obj
         Debug\Map.obj
         Debug\MapManager.obj
         Debug\observer.obj
         Debug\phaselogger.obj
         Debug\Player.obj
         Debug\playerlogger.obj
         Debug\Reinforcement.obj
         Debug\SelectandBattle.obj
         Debug\subject.obj
         comp345-delivery02.vcxproj -> C:\Users\milkythunderous\Documents\School\Concordia\Fall 2015\comp345\comp345-PROJECT\COMP345-Risk\comp345-final delivery-with-MapManager\Debug\comp345-delivery02.exe
     1>Done Building Project "C:\Users\milkythunderous\Documents\School\Concordia\Fall 2015\comp345\comp345-PROJECT\COMP345-Risk\comp345-final delivery-with-MapManager\comp345-delivery02\comp345-delivery02.vcxproj" (Build target(s)).

Build succeeded.

Time Elapsed 00:00:04.55
