Build started 2015-12-03 11:05:25 PM.
     1>Project "C:\Users\milkythunderous\Documents\School\Concordia\Fall 2015\comp345\comp345-PROJECT\COMP345-Risk\COMP 345 FINAL WITH REINFORCEMENT CHANGES\comp345-delivery02\comp345-delivery02.vcxproj" on node 2 (Build target(s)).
     1>ClCompile:
         C:\Program Files (x86)\Microsoft Visual Studio 12.0\VC\bin\CL.exe /c /ZI /nologo /W3 /WX- /Od /Oy- /D WIN32 /D _DEBUG /D _CONSOLE /D _LIB /D _UNICODE /D UNICODE /Gm /EHsc /RTC1 /MDd /GS /fp:precise /Zc:wchar_t /Zc:forScope /Fo"Debug\\" /Fd"Debug\vc120.pdb" /Gd /TP /analyze- /errorReport:prompt driver.cpp
         driver.cpp
     1>c:\users\milkythunderous\documents\school\concordia\fall 2015\comp345\comp345-project\comp345-risk\comp 345 final with reinforcement changes\comp345-delivery02\driver.cpp(571): warning C4018: '<' : signed/unsigned mismatch
       Link:
         C:\Program Files (x86)\Microsoft Visual Studio 12.0\VC\bin\link.exe /ERRORREPORT:PROMPT /OUT:"C:\Users\milkythunderous\Documents\School\Concordia\Fall 2015\comp345\comp345-PROJECT\COMP345-Risk\COMP 345 FINAL WITH REINFORCEMENT CHANGES\Debug\comp345-delivery02.exe" /INCREMENTAL /NOLOGO kernel32.lib user32.lib gdi32.lib winspool.lib comdlg32.lib advapi32.lib shell32.lib ole32.lib oleaut32.lib uuid.lib odbc32.lib odbccp32.lib /MANIFEST /MANIFESTUAC:"level='asInvoker' uiAccess='false'" /manifest:embed /DEBUG /PDB:"C:\Users\milkythunderous\Documents\School\Concordia\Fall 2015\comp345\comp345-PROJECT\COMP345-Risk\COMP 345 FINAL WITH REINFORCEMENT CHANGES\Debug\comp345-delivery02.pdb" /SUBSYSTEM:CONSOLE /TLBID:1 /DYNAMICBASE /NXCOMPAT /IMPLIB:"C:\Users\milkythunderous\Documents\School\Concordia\Fall 2015\comp345\comp345-PROJECT\COMP345-Risk\COMP 345 FINAL WITH REINFORCEMENT CHANGES\Debug\comp345-delivery02.lib" /MACHINE:X86 Debug\Battle.obj
         Debug\BattlesWonDecorator.obj
         Debug\Continent.obj
         Debug\Country.obj
         Debug\driver.obj
         Debug\Fortification.obj
         Debug\gamelogger.obj
         Debug\GameStatDecorator.obj
         Debug\GameStatObserver.obj
         Debug\GameStatSubject.obj
         Debug\main.obj
         Debug\Map.obj
         Debug\MapAdapter.obj
         Debug\MapManager.obj
         Debug\observer.obj
         Debug\phaselogger.obj
         Debug\Player.obj
         Debug\playerlogger.obj
         Debug\PlayerSubject.obj
         Debug\PlayerView.obj
         Debug\Reinforcement.obj
         Debug\SelectandBattle.obj
         Debug\subject.obj
         Debug\WorldControlledDecorator.obj
         comp345-delivery02.vcxproj -> C:\Users\milkythunderous\Documents\School\Concordia\Fall 2015\comp345\comp345-PROJECT\COMP345-Risk\COMP 345 FINAL WITH REINFORCEMENT CHANGES\Debug\comp345-delivery02.exe
     1>Done Building Project "C:\Users\milkythunderous\Documents\School\Concordia\Fall 2015\comp345\comp345-PROJECT\COMP345-Risk\COMP 345 FINAL WITH REINFORCEMENT CHANGES\comp345-delivery02\comp345-delivery02.vcxproj" (Build target(s)).

Build succeeded.

Time Elapsed 00:00:01.21
