c:\users\milkythunderous\documents\school\concordia\fall 2015\comp345\a1-v2\comp345-a1-v2\comp345-a1-v2\debug\main.obj
c:\users\milkythunderous\documents\school\concordia\fall 2015\comp345\a1-v2\comp345-a1-v2\comp345-a1-v2\debug\vc110.pdb
c:\users\milkythunderous\documents\school\concordia\fall 2015\comp345\a1-v2\comp345-a1-v2\comp345-a1-v2\debug\player.obj
c:\users\milkythunderous\documents\school\concordia\fall 2015\comp345\a1-v2\comp345-a1-v2\comp345-a1-v2\debug\driver.obj
c:\users\milkythunderous\documents\school\concordia\fall 2015\comp345\a1-v2\comp345-a1-v2\debug\comp345-a1-v2.ilk
c:\users\milkythunderous\documents\school\concordia\fall 2015\comp345\a1-v2\comp345-a1-v2\debug\comp345-a1-v2.exe
c:\users\milkythunderous\documents\school\concordia\fall 2015\comp345\a1-v2\comp345-a1-v2\debug\comp345-a1-v2.pdb
c:\users\pa_vu\desktop\comp345-a1-v2\comp345-a1-v2\debug\vc120.pdb
c:\users\pa_vu\desktop\comp345-a1-v2\comp345-a1-v2\debug\vc120.idb
c:\users\milkythunderous\documents\school\concordia\fall 2015\comp345\comp345-project\comp345-risk\comp345-delivery01\comp345-a1-v2\debug\vc120.pdb
c:\users\milkythunderous\documents\school\concordia\fall 2015\comp345\comp345-project\comp345-risk\comp345-delivery01\comp345-a1-v2\debug\vc120.idb
c:\users\milkythunderous\documents\school\concordia\fall 2015\comp345\comp345-project\comp345-risk\comp345-delivery01\comp345-a1-v2\debug\battle.obj
c:\users\milkythunderous\documents\school\concordia\fall 2015\comp345\comp345-project\comp345-risk\comp345-delivery01\comp345-a1-v2\debug\continent.obj
c:\users\milkythunderous\documents\school\concordia\fall 2015\comp345\comp345-project\comp345-risk\comp345-delivery01\comp345-a1-v2\debug\country.obj
c:\users\milkythunderous\documents\school\concordia\fall 2015\comp345\comp345-project\comp345-risk\comp345-delivery01\comp345-a1-v2\debug\fortification.obj
c:\users\milkythunderous\documents\school\concordia\fall 2015\comp345\comp345-project\comp345-risk\comp345-delivery01\comp345-a1-v2\debug\main.obj
c:\users\milkythunderous\documents\school\concordia\fall 2015\comp345\comp345-project\comp345-risk\comp345-delivery01\comp345-a1-v2\debug\player.obj
c:\users\milkythunderous\documents\school\concordia\fall 2015\comp345\comp345-project\comp345-risk\comp345-delivery01\comp345-a1-v2\debug\selectandbattle.obj
c:\users\milkythunderous\documents\school\concordia\fall 2015\comp345\comp345-project\comp345-risk\comp345-delivery01\comp345-a1-v2\debug\mapmanager.obj
c:\users\pa_vu\desktop\comp345-a1-v2\debug\comp345-a1-v2.ilk
c:\users\pa_vu\desktop\comp345-a1-v2\debug\comp345-a1-v2.exe
c:\users\pa_vu\desktop\comp345-a1-v2\debug\comp345-a1-v2.pdb
c:\users\milkythunderous\documents\school\concordia\fall 2015\comp345\comp345-project\comp345-risk\comp345-delivery01\debug\comp345-a1-v2.ilk
c:\users\milkythunderous\documents\school\concordia\fall 2015\comp345\comp345-project\comp345-risk\comp345-delivery01\debug\comp345-a1-v2.exe
c:\users\milkythunderous\documents\school\concordia\fall 2015\comp345\comp345-project\comp345-risk\comp345-delivery01\debug\comp345-a1-v2.pdb
c:\users\milkythunderous\documents\school\concordia\fall 2015\comp345\comp345-project\comp345-risk\comp345-delivery01\comp345-a1-v2\debug\cl.command.1.tlog
c:\users\milkythunderous\documents\school\concordia\fall 2015\comp345\comp345-project\comp345-risk\comp345-delivery01\comp345-a1-v2\debug\cl.read.1.tlog
c:\users\milkythunderous\documents\school\concordia\fall 2015\comp345\comp345-project\comp345-risk\comp345-delivery01\comp345-a1-v2\debug\cl.write.1.tlog
c:\users\milkythunderous\documents\school\concordia\fall 2015\comp345\comp345-project\comp345-risk\comp345-delivery01\comp345-a1-v2\debug\link-cvtres.read.1.tlog
c:\users\milkythunderous\documents\school\concordia\fall 2015\comp345\comp345-project\comp345-risk\comp345-delivery01\comp345-a1-v2\debug\link-cvtres.write.1.tlog
c:\users\milkythunderous\documents\school\concordia\fall 2015\comp345\comp345-project\comp345-risk\comp345-delivery01\comp345-a1-v2\debug\link-rc.read.1.tlog
c:\users\milkythunderous\documents\school\concordia\fall 2015\comp345\comp345-project\comp345-risk\comp345-delivery01\comp345-a1-v2\debug\link-rc.write.1.tlog
c:\users\milkythunderous\documents\school\concordia\fall 2015\comp345\comp345-project\comp345-risk\comp345-delivery01\comp345-a1-v2\debug\link.12312-cvtres.read.1.tlog
c:\users\milkythunderous\documents\school\concordia\fall 2015\comp345\comp345-project\comp345-risk\comp345-delivery01\comp345-a1-v2\debug\link.12312-cvtres.write.1.tlog
c:\users\milkythunderous\documents\school\concordia\fall 2015\comp345\comp345-project\comp345-risk\comp345-delivery01\comp345-a1-v2\debug\link.12312-rc.read.1.tlog
c:\users\milkythunderous\documents\school\concordia\fall 2015\comp345\comp345-project\comp345-risk\comp345-delivery01\comp345-a1-v2\debug\link.12312-rc.write.1.tlog
c:\users\milkythunderous\documents\school\concordia\fall 2015\comp345\comp345-project\comp345-risk\comp345-delivery01\comp345-a1-v2\debug\link.12312.read.1.tlog
c:\users\milkythunderous\documents\school\concordia\fall 2015\comp345\comp345-project\comp345-risk\comp345-delivery01\comp345-a1-v2\debug\link.12312.write.1.tlog
c:\users\milkythunderous\documents\school\concordia\fall 2015\comp345\comp345-project\comp345-risk\comp345-delivery01\comp345-a1-v2\debug\link.12412-cvtres.read.1.tlog
c:\users\milkythunderous\documents\school\concordia\fall 2015\comp345\comp345-project\comp345-risk\comp345-delivery01\comp345-a1-v2\debug\link.12412-cvtres.write.1.tlog
c:\users\milkythunderous\documents\school\concordia\fall 2015\comp345\comp345-project\comp345-risk\comp345-delivery01\comp345-a1-v2\debug\link.12412-rc.read.1.tlog
c:\users\milkythunderous\documents\school\concordia\fall 2015\comp345\comp345-project\comp345-risk\comp345-delivery01\comp345-a1-v2\debug\link.12412-rc.write.1.tlog
c:\users\milkythunderous\documents\school\concordia\fall 2015\comp345\comp345-project\comp345-risk\comp345-delivery01\comp345-a1-v2\debug\link.12412.read.1.tlog
c:\users\milkythunderous\documents\school\concordia\fall 2015\comp345\comp345-project\comp345-risk\comp345-delivery01\comp345-a1-v2\debug\link.12412.write.1.tlog
c:\users\milkythunderous\documents\school\concordia\fall 2015\comp345\comp345-project\comp345-risk\comp345-delivery01\comp345-a1-v2\debug\link.12472-cvtres.read.1.tlog
c:\users\milkythunderous\documents\school\concordia\fall 2015\comp345\comp345-project\comp345-risk\comp345-delivery01\comp345-a1-v2\debug\link.12472-cvtres.write.1.tlog
c:\users\milkythunderous\documents\school\concordia\fall 2015\comp345\comp345-project\comp345-risk\comp345-delivery01\comp345-a1-v2\debug\link.12472-rc.read.1.tlog
c:\users\milkythunderous\documents\school\concordia\fall 2015\comp345\comp345-project\comp345-risk\comp345-delivery01\comp345-a1-v2\debug\link.12472-rc.write.1.tlog
c:\users\milkythunderous\documents\school\concordia\fall 2015\comp345\comp345-project\comp345-risk\comp345-delivery01\comp345-a1-v2\debug\link.12472.read.1.tlog
c:\users\milkythunderous\documents\school\concordia\fall 2015\comp345\comp345-project\comp345-risk\comp345-delivery01\comp345-a1-v2\debug\link.12472.write.1.tlog
c:\users\milkythunderous\documents\school\concordia\fall 2015\comp345\comp345-project\comp345-risk\comp345-delivery01\comp345-a1-v2\debug\link.12708-cvtres.read.1.tlog
c:\users\milkythunderous\documents\school\concordia\fall 2015\comp345\comp345-project\comp345-risk\comp345-delivery01\comp345-a1-v2\debug\link.12708-cvtres.write.1.tlog
c:\users\milkythunderous\documents\school\concordia\fall 2015\comp345\comp345-project\comp345-risk\comp345-delivery01\comp345-a1-v2\debug\link.12708-rc.read.1.tlog
c:\users\milkythunderous\documents\school\concordia\fall 2015\comp345\comp345-project\comp345-risk\comp345-delivery01\comp345-a1-v2\debug\link.12708-rc.write.1.tlog
c:\users\milkythunderous\documents\school\concordia\fall 2015\comp345\comp345-project\comp345-risk\comp345-delivery01\comp345-a1-v2\debug\link.12708.read.1.tlog
c:\users\milkythunderous\documents\school\concordia\fall 2015\comp345\comp345-project\comp345-risk\comp345-delivery01\comp345-a1-v2\debug\link.12708.write.1.tlog
c:\users\milkythunderous\documents\school\concordia\fall 2015\comp345\comp345-project\comp345-risk\comp345-delivery01\comp345-a1-v2\debug\link.12760-cvtres.read.1.tlog
c:\users\milkythunderous\documents\school\concordia\fall 2015\comp345\comp345-project\comp345-risk\comp345-delivery01\comp345-a1-v2\debug\link.12760-cvtres.write.1.tlog
c:\users\milkythunderous\documents\school\concordia\fall 2015\comp345\comp345-project\comp345-risk\comp345-delivery01\comp345-a1-v2\debug\link.12760-rc.read.1.tlog
c:\users\milkythunderous\documents\school\concordia\fall 2015\comp345\comp345-project\comp345-risk\comp345-delivery01\comp345-a1-v2\debug\link.12760-rc.write.1.tlog
c:\users\milkythunderous\documents\school\concordia\fall 2015\comp345\comp345-project\comp345-risk\comp345-delivery01\comp345-a1-v2\debug\link.12760.read.1.tlog
c:\users\milkythunderous\documents\school\concordia\fall 2015\comp345\comp345-project\comp345-risk\comp345-delivery01\comp345-a1-v2\debug\link.12760.write.1.tlog
c:\users\milkythunderous\documents\school\concordia\fall 2015\comp345\comp345-project\comp345-risk\comp345-delivery01\comp345-a1-v2\debug\link.13416-cvtres.read.1.tlog
c:\users\milkythunderous\documents\school\concordia\fall 2015\comp345\comp345-project\comp345-risk\comp345-delivery01\comp345-a1-v2\debug\link.13416-cvtres.write.1.tlog
c:\users\milkythunderous\documents\school\concordia\fall 2015\comp345\comp345-project\comp345-risk\comp345-delivery01\comp345-a1-v2\debug\link.13416-rc.read.1.tlog
c:\users\milkythunderous\documents\school\concordia\fall 2015\comp345\comp345-project\comp345-risk\comp345-delivery01\comp345-a1-v2\debug\link.13416-rc.write.1.tlog
c:\users\milkythunderous\documents\school\concordia\fall 2015\comp345\comp345-project\comp345-risk\comp345-delivery01\comp345-a1-v2\debug\link.13416.read.1.tlog
c:\users\milkythunderous\documents\school\concordia\fall 2015\comp345\comp345-project\comp345-risk\comp345-delivery01\comp345-a1-v2\debug\link.13416.write.1.tlog
c:\users\milkythunderous\documents\school\concordia\fall 2015\comp345\comp345-project\comp345-risk\comp345-delivery01\comp345-a1-v2\debug\link.14044-cvtres.read.1.tlog
c:\users\milkythunderous\documents\school\concordia\fall 2015\comp345\comp345-project\comp345-risk\comp345-delivery01\comp345-a1-v2\debug\link.14044-cvtres.write.1.tlog
c:\users\milkythunderous\documents\school\concordia\fall 2015\comp345\comp345-project\comp345-risk\comp345-delivery01\comp345-a1-v2\debug\link.14044-rc.read.1.tlog
c:\users\milkythunderous\documents\school\concordia\fall 2015\comp345\comp345-project\comp345-risk\comp345-delivery01\comp345-a1-v2\debug\link.14044-rc.write.1.tlog
c:\users\milkythunderous\documents\school\concordia\fall 2015\comp345\comp345-project\comp345-risk\comp345-delivery01\comp345-a1-v2\debug\link.14044.read.1.tlog
c:\users\milkythunderous\documents\school\concordia\fall 2015\comp345\comp345-project\comp345-risk\comp345-delivery01\comp345-a1-v2\debug\link.14044.write.1.tlog
c:\users\milkythunderous\documents\school\concordia\fall 2015\comp345\comp345-project\comp345-risk\comp345-delivery01\comp345-a1-v2\debug\link.14240-cvtres.read.1.tlog
c:\users\milkythunderous\documents\school\concordia\fall 2015\comp345\comp345-project\comp345-risk\comp345-delivery01\comp345-a1-v2\debug\link.14240-cvtres.write.1.tlog
c:\users\milkythunderous\documents\school\concordia\fall 2015\comp345\comp345-project\comp345-risk\comp345-delivery01\comp345-a1-v2\debug\link.14240-rc.read.1.tlog
c:\users\milkythunderous\documents\school\concordia\fall 2015\comp345\comp345-project\comp345-risk\comp345-delivery01\comp345-a1-v2\debug\link.14240-rc.write.1.tlog
c:\users\milkythunderous\documents\school\concordia\fall 2015\comp345\comp345-project\comp345-risk\comp345-delivery01\comp345-a1-v2\debug\link.14240.read.1.tlog
c:\users\milkythunderous\documents\school\concordia\fall 2015\comp345\comp345-project\comp345-risk\comp345-delivery01\comp345-a1-v2\debug\link.14240.write.1.tlog
c:\users\milkythunderous\documents\school\concordia\fall 2015\comp345\comp345-project\comp345-risk\comp345-delivery01\comp345-a1-v2\debug\link.1440-cvtres.read.1.tlog
c:\users\milkythunderous\documents\school\concordia\fall 2015\comp345\comp345-project\comp345-risk\comp345-delivery01\comp345-a1-v2\debug\link.1440-cvtres.write.1.tlog
c:\users\milkythunderous\documents\school\concordia\fall 2015\comp345\comp345-project\comp345-risk\comp345-delivery01\comp345-a1-v2\debug\link.1440-rc.read.1.tlog
c:\users\milkythunderous\documents\school\concordia\fall 2015\comp345\comp345-project\comp345-risk\comp345-delivery01\comp345-a1-v2\debug\link.1440-rc.write.1.tlog
c:\users\milkythunderous\documents\school\concordia\fall 2015\comp345\comp345-project\comp345-risk\comp345-delivery01\comp345-a1-v2\debug\link.1440.read.1.tlog
c:\users\milkythunderous\documents\school\concordia\fall 2015\comp345\comp345-project\comp345-risk\comp345-delivery01\comp345-a1-v2\debug\link.1440.write.1.tlog
c:\users\milkythunderous\documents\school\concordia\fall 2015\comp345\comp345-project\comp345-risk\comp345-delivery01\comp345-a1-v2\debug\link.14528-cvtres.read.1.tlog
c:\users\milkythunderous\documents\school\concordia\fall 2015\comp345\comp345-project\comp345-risk\comp345-delivery01\comp345-a1-v2\debug\link.14528-cvtres.write.1.tlog
c:\users\milkythunderous\documents\school\concordia\fall 2015\comp345\comp345-project\comp345-risk\comp345-delivery01\comp345-a1-v2\debug\link.14528-rc.read.1.tlog
c:\users\milkythunderous\documents\school\concordia\fall 2015\comp345\comp345-project\comp345-risk\comp345-delivery01\comp345-a1-v2\debug\link.14528-rc.write.1.tlog
c:\users\milkythunderous\documents\school\concordia\fall 2015\comp345\comp345-project\comp345-risk\comp345-delivery01\comp345-a1-v2\debug\link.14528.read.1.tlog
c:\users\milkythunderous\documents\school\concordia\fall 2015\comp345\comp345-project\comp345-risk\comp345-delivery01\comp345-a1-v2\debug\link.14528.write.1.tlog
c:\users\milkythunderous\documents\school\concordia\fall 2015\comp345\comp345-project\comp345-risk\comp345-delivery01\comp345-a1-v2\debug\link.14768-cvtres.read.1.tlog
c:\users\milkythunderous\documents\school\concordia\fall 2015\comp345\comp345-project\comp345-risk\comp345-delivery01\comp345-a1-v2\debug\link.14768-cvtres.write.1.tlog
c:\users\milkythunderous\documents\school\concordia\fall 2015\comp345\comp345-project\comp345-risk\comp345-delivery01\comp345-a1-v2\debug\link.14768-rc.read.1.tlog
c:\users\milkythunderous\documents\school\concordia\fall 2015\comp345\comp345-project\comp345-risk\comp345-delivery01\comp345-a1-v2\debug\link.14768-rc.write.1.tlog
c:\users\milkythunderous\documents\school\concordia\fall 2015\comp345\comp345-project\comp345-risk\comp345-delivery01\comp345-a1-v2\debug\link.14768.read.1.tlog
c:\users\milkythunderous\documents\school\concordia\fall 2015\comp345\comp345-project\comp345-risk\comp345-delivery01\comp345-a1-v2\debug\link.14768.write.1.tlog
c:\users\milkythunderous\documents\school\concordia\fall 2015\comp345\comp345-project\comp345-risk\comp345-delivery01\comp345-a1-v2\debug\link.15276-cvtres.read.1.tlog
c:\users\milkythunderous\documents\school\concordia\fall 2015\comp345\comp345-project\comp345-risk\comp345-delivery01\comp345-a1-v2\debug\link.15276-cvtres.write.1.tlog
c:\users\milkythunderous\documents\school\concordia\fall 2015\comp345\comp345-project\comp345-risk\comp345-delivery01\comp345-a1-v2\debug\link.15276-rc.read.1.tlog
c:\users\milkythunderous\documents\school\concordia\fall 2015\comp345\comp345-project\comp345-risk\comp345-delivery01\comp345-a1-v2\debug\link.15276-rc.write.1.tlog
c:\users\milkythunderous\documents\school\concordia\fall 2015\comp345\comp345-project\comp345-risk\comp345-delivery01\comp345-a1-v2\debug\link.15276.read.1.tlog
c:\users\milkythunderous\documents\school\concordia\fall 2015\comp345\comp345-project\comp345-risk\comp345-delivery01\comp345-a1-v2\debug\link.15276.write.1.tlog
c:\users\milkythunderous\documents\school\concordia\fall 2015\comp345\comp345-project\comp345-risk\comp345-delivery01\comp345-a1-v2\debug\link.15744-cvtres.read.1.tlog
c:\users\milkythunderous\documents\school\concordia\fall 2015\comp345\comp345-project\comp345-risk\comp345-delivery01\comp345-a1-v2\debug\link.15744-cvtres.write.1.tlog
c:\users\milkythunderous\documents\school\concordia\fall 2015\comp345\comp345-project\comp345-risk\comp345-delivery01\comp345-a1-v2\debug\link.15744-rc.read.1.tlog
c:\users\milkythunderous\documents\school\concordia\fall 2015\comp345\comp345-project\comp345-risk\comp345-delivery01\comp345-a1-v2\debug\link.15744-rc.write.1.tlog
c:\users\milkythunderous\documents\school\concordia\fall 2015\comp345\comp345-project\comp345-risk\comp345-delivery01\comp345-a1-v2\debug\link.15744.read.1.tlog
c:\users\milkythunderous\documents\school\concordia\fall 2015\comp345\comp345-project\comp345-risk\comp345-delivery01\comp345-a1-v2\debug\link.15744.write.1.tlog
c:\users\milkythunderous\documents\school\concordia\fall 2015\comp345\comp345-project\comp345-risk\comp345-delivery01\comp345-a1-v2\debug\link.15796-cvtres.read.1.tlog
c:\users\milkythunderous\documents\school\concordia\fall 2015\comp345\comp345-project\comp345-risk\comp345-delivery01\comp345-a1-v2\debug\link.15796-cvtres.write.1.tlog
c:\users\milkythunderous\documents\school\concordia\fall 2015\comp345\comp345-project\comp345-risk\comp345-delivery01\comp345-a1-v2\debug\link.15796-rc.read.1.tlog
c:\users\milkythunderous\documents\school\concordia\fall 2015\comp345\comp345-project\comp345-risk\comp345-delivery01\comp345-a1-v2\debug\link.15796-rc.write.1.tlog
c:\users\milkythunderous\documents\school\concordia\fall 2015\comp345\comp345-project\comp345-risk\comp345-delivery01\comp345-a1-v2\debug\link.15796.read.1.tlog
c:\users\milkythunderous\documents\school\concordia\fall 2015\comp345\comp345-project\comp345-risk\comp345-delivery01\comp345-a1-v2\debug\link.15796.write.1.tlog
c:\users\milkythunderous\documents\school\concordia\fall 2015\comp345\comp345-project\comp345-risk\comp345-delivery01\comp345-a1-v2\debug\link.16200-cvtres.read.1.tlog
c:\users\milkythunderous\documents\school\concordia\fall 2015\comp345\comp345-project\comp345-risk\comp345-delivery01\comp345-a1-v2\debug\link.16200-cvtres.write.1.tlog
c:\users\milkythunderous\documents\school\concordia\fall 2015\comp345\comp345-project\comp345-risk\comp345-delivery01\comp345-a1-v2\debug\link.16200-rc.read.1.tlog
c:\users\milkythunderous\documents\school\concordia\fall 2015\comp345\comp345-project\comp345-risk\comp345-delivery01\comp345-a1-v2\debug\link.16200-rc.write.1.tlog
c:\users\milkythunderous\documents\school\concordia\fall 2015\comp345\comp345-project\comp345-risk\comp345-delivery01\comp345-a1-v2\debug\link.16200.read.1.tlog
c:\users\milkythunderous\documents\school\concordia\fall 2015\comp345\comp345-project\comp345-risk\comp345-delivery01\comp345-a1-v2\debug\link.16200.write.1.tlog
c:\users\milkythunderous\documents\school\concordia\fall 2015\comp345\comp345-project\comp345-risk\comp345-delivery01\comp345-a1-v2\debug\link.16364-cvtres.read.1.tlog
c:\users\milkythunderous\documents\school\concordia\fall 2015\comp345\comp345-project\comp345-risk\comp345-delivery01\comp345-a1-v2\debug\link.16364-cvtres.write.1.tlog
c:\users\milkythunderous\documents\school\concordia\fall 2015\comp345\comp345-project\comp345-risk\comp345-delivery01\comp345-a1-v2\debug\link.16364-rc.read.1.tlog
c:\users\milkythunderous\documents\school\concordia\fall 2015\comp345\comp345-project\comp345-risk\comp345-delivery01\comp345-a1-v2\debug\link.16364-rc.write.1.tlog
c:\users\milkythunderous\documents\school\concordia\fall 2015\comp345\comp345-project\comp345-risk\comp345-delivery01\comp345-a1-v2\debug\link.16364.read.1.tlog
c:\users\milkythunderous\documents\school\concordia\fall 2015\comp345\comp345-project\comp345-risk\comp345-delivery01\comp345-a1-v2\debug\link.16364.write.1.tlog
c:\users\milkythunderous\documents\school\concordia\fall 2015\comp345\comp345-project\comp345-risk\comp345-delivery01\comp345-a1-v2\debug\link.17732-cvtres.read.1.tlog
c:\users\milkythunderous\documents\school\concordia\fall 2015\comp345\comp345-project\comp345-risk\comp345-delivery01\comp345-a1-v2\debug\link.17732-cvtres.write.1.tlog
c:\users\milkythunderous\documents\school\concordia\fall 2015\comp345\comp345-project\comp345-risk\comp345-delivery01\comp345-a1-v2\debug\link.17732-rc.read.1.tlog
c:\users\milkythunderous\documents\school\concordia\fall 2015\comp345\comp345-project\comp345-risk\comp345-delivery01\comp345-a1-v2\debug\link.17732-rc.write.1.tlog
c:\users\milkythunderous\documents\school\concordia\fall 2015\comp345\comp345-project\comp345-risk\comp345-delivery01\comp345-a1-v2\debug\link.17732.read.1.tlog
c:\users\milkythunderous\documents\school\concordia\fall 2015\comp345\comp345-project\comp345-risk\comp345-delivery01\comp345-a1-v2\debug\link.17732.write.1.tlog
c:\users\milkythunderous\documents\school\concordia\fall 2015\comp345\comp345-project\comp345-risk\comp345-delivery01\comp345-a1-v2\debug\link.18804-cvtres.read.1.tlog
c:\users\milkythunderous\documents\school\concordia\fall 2015\comp345\comp345-project\comp345-risk\comp345-delivery01\comp345-a1-v2\debug\link.18804-cvtres.write.1.tlog
c:\users\milkythunderous\documents\school\concordia\fall 2015\comp345\comp345-project\comp345-risk\comp345-delivery01\comp345-a1-v2\debug\link.18804-rc.read.1.tlog
c:\users\milkythunderous\documents\school\concordia\fall 2015\comp345\comp345-project\comp345-risk\comp345-delivery01\comp345-a1-v2\debug\link.18804-rc.write.1.tlog
c:\users\milkythunderous\documents\school\concordia\fall 2015\comp345\comp345-project\comp345-risk\comp345-delivery01\comp345-a1-v2\debug\link.18804.read.1.tlog
c:\users\milkythunderous\documents\school\concordia\fall 2015\comp345\comp345-project\comp345-risk\comp345-delivery01\comp345-a1-v2\debug\link.18804.write.1.tlog
c:\users\milkythunderous\documents\school\concordia\fall 2015\comp345\comp345-project\comp345-risk\comp345-delivery01\comp345-a1-v2\debug\link.18864-cvtres.read.1.tlog
c:\users\milkythunderous\documents\school\concordia\fall 2015\comp345\comp345-project\comp345-risk\comp345-delivery01\comp345-a1-v2\debug\link.18864-cvtres.write.1.tlog
c:\users\milkythunderous\documents\school\concordia\fall 2015\comp345\comp345-project\comp345-risk\comp345-delivery01\comp345-a1-v2\debug\link.18864-rc.read.1.tlog
c:\users\milkythunderous\documents\school\concordia\fall 2015\comp345\comp345-project\comp345-risk\comp345-delivery01\comp345-a1-v2\debug\link.18864-rc.write.1.tlog
c:\users\milkythunderous\documents\school\concordia\fall 2015\comp345\comp345-project\comp345-risk\comp345-delivery01\comp345-a1-v2\debug\link.18864.read.1.tlog
c:\users\milkythunderous\documents\school\concordia\fall 2015\comp345\comp345-project\comp345-risk\comp345-delivery01\comp345-a1-v2\debug\link.18864.write.1.tlog
c:\users\milkythunderous\documents\school\concordia\fall 2015\comp345\comp345-project\comp345-risk\comp345-delivery01\comp345-a1-v2\debug\link.2732-cvtres.read.1.tlog
c:\users\milkythunderous\documents\school\concordia\fall 2015\comp345\comp345-project\comp345-risk\comp345-delivery01\comp345-a1-v2\debug\link.2732-cvtres.write.1.tlog
c:\users\milkythunderous\documents\school\concordia\fall 2015\comp345\comp345-project\comp345-risk\comp345-delivery01\comp345-a1-v2\debug\link.2732-rc.read.1.tlog
c:\users\milkythunderous\documents\school\concordia\fall 2015\comp345\comp345-project\comp345-risk\comp345-delivery01\comp345-a1-v2\debug\link.2732-rc.write.1.tlog
c:\users\milkythunderous\documents\school\concordia\fall 2015\comp345\comp345-project\comp345-risk\comp345-delivery01\comp345-a1-v2\debug\link.2732.read.1.tlog
c:\users\milkythunderous\documents\school\concordia\fall 2015\comp345\comp345-project\comp345-risk\comp345-delivery01\comp345-a1-v2\debug\link.2732.write.1.tlog
c:\users\milkythunderous\documents\school\concordia\fall 2015\comp345\comp345-project\comp345-risk\comp345-delivery01\comp345-a1-v2\debug\link.3044-cvtres.read.1.tlog
c:\users\milkythunderous\documents\school\concordia\fall 2015\comp345\comp345-project\comp345-risk\comp345-delivery01\comp345-a1-v2\debug\link.3044-cvtres.write.1.tlog
c:\users\milkythunderous\documents\school\concordia\fall 2015\comp345\comp345-project\comp345-risk\comp345-delivery01\comp345-a1-v2\debug\link.3044-rc.read.1.tlog
c:\users\milkythunderous\documents\school\concordia\fall 2015\comp345\comp345-project\comp345-risk\comp345-delivery01\comp345-a1-v2\debug\link.3044-rc.write.1.tlog
c:\users\milkythunderous\documents\school\concordia\fall 2015\comp345\comp345-project\comp345-risk\comp345-delivery01\comp345-a1-v2\debug\link.3044.read.1.tlog
c:\users\milkythunderous\documents\school\concordia\fall 2015\comp345\comp345-project\comp345-risk\comp345-delivery01\comp345-a1-v2\debug\link.3044.write.1.tlog
c:\users\milkythunderous\documents\school\concordia\fall 2015\comp345\comp345-project\comp345-risk\comp345-delivery01\comp345-a1-v2\debug\link.4064-cvtres.read.1.tlog
c:\users\milkythunderous\documents\school\concordia\fall 2015\comp345\comp345-project\comp345-risk\comp345-delivery01\comp345-a1-v2\debug\link.4064-cvtres.write.1.tlog
c:\users\milkythunderous\documents\school\concordia\fall 2015\comp345\comp345-project\comp345-risk\comp345-delivery01\comp345-a1-v2\debug\link.4064-rc.read.1.tlog
c:\users\milkythunderous\documents\school\concordia\fall 2015\comp345\comp345-project\comp345-risk\comp345-delivery01\comp345-a1-v2\debug\link.4064-rc.write.1.tlog
c:\users\milkythunderous\documents\school\concordia\fall 2015\comp345\comp345-project\comp345-risk\comp345-delivery01\comp345-a1-v2\debug\link.4064.read.1.tlog
c:\users\milkythunderous\documents\school\concordia\fall 2015\comp345\comp345-project\comp345-risk\comp345-delivery01\comp345-a1-v2\debug\link.4064.write.1.tlog
c:\users\milkythunderous\documents\school\concordia\fall 2015\comp345\comp345-project\comp345-risk\comp345-delivery01\comp345-a1-v2\debug\link.5320-cvtres.read.1.tlog
c:\users\milkythunderous\documents\school\concordia\fall 2015\comp345\comp345-project\comp345-risk\comp345-delivery01\comp345-a1-v2\debug\link.5320-cvtres.write.1.tlog
c:\users\milkythunderous\documents\school\concordia\fall 2015\comp345\comp345-project\comp345-risk\comp345-delivery01\comp345-a1-v2\debug\link.5320-rc.read.1.tlog
c:\users\milkythunderous\documents\school\concordia\fall 2015\comp345\comp345-project\comp345-risk\comp345-delivery01\comp345-a1-v2\debug\link.5320-rc.write.1.tlog
c:\users\milkythunderous\documents\school\concordia\fall 2015\comp345\comp345-project\comp345-risk\comp345-delivery01\comp345-a1-v2\debug\link.5320.read.1.tlog
c:\users\milkythunderous\documents\school\concordia\fall 2015\comp345\comp345-project\comp345-risk\comp345-delivery01\comp345-a1-v2\debug\link.5320.write.1.tlog
c:\users\milkythunderous\documents\school\concordia\fall 2015\comp345\comp345-project\comp345-risk\comp345-delivery01\comp345-a1-v2\debug\link.724-cvtres.read.1.tlog
c:\users\milkythunderous\documents\school\concordia\fall 2015\comp345\comp345-project\comp345-risk\comp345-delivery01\comp345-a1-v2\debug\link.724-cvtres.write.1.tlog
c:\users\milkythunderous\documents\school\concordia\fall 2015\comp345\comp345-project\comp345-risk\comp345-delivery01\comp345-a1-v2\debug\link.724-rc.read.1.tlog
c:\users\milkythunderous\documents\school\concordia\fall 2015\comp345\comp345-project\comp345-risk\comp345-delivery01\comp345-a1-v2\debug\link.724-rc.write.1.tlog
c:\users\milkythunderous\documents\school\concordia\fall 2015\comp345\comp345-project\comp345-risk\comp345-delivery01\comp345-a1-v2\debug\link.724.read.1.tlog
c:\users\milkythunderous\documents\school\concordia\fall 2015\comp345\comp345-project\comp345-risk\comp345-delivery01\comp345-a1-v2\debug\link.724.write.1.tlog
c:\users\milkythunderous\documents\school\concordia\fall 2015\comp345\comp345-project\comp345-risk\comp345-delivery01\comp345-a1-v2\debug\link.8804-cvtres.read.1.tlog
c:\users\milkythunderous\documents\school\concordia\fall 2015\comp345\comp345-project\comp345-risk\comp345-delivery01\comp345-a1-v2\debug\link.8804-cvtres.write.1.tlog
c:\users\milkythunderous\documents\school\concordia\fall 2015\comp345\comp345-project\comp345-risk\comp345-delivery01\comp345-a1-v2\debug\link.8804-rc.read.1.tlog
c:\users\milkythunderous\documents\school\concordia\fall 2015\comp345\comp345-project\comp345-risk\comp345-delivery01\comp345-a1-v2\debug\link.8804-rc.write.1.tlog
c:\users\milkythunderous\documents\school\concordia\fall 2015\comp345\comp345-project\comp345-risk\comp345-delivery01\comp345-a1-v2\debug\link.8804.read.1.tlog
c:\users\milkythunderous\documents\school\concordia\fall 2015\comp345\comp345-project\comp345-risk\comp345-delivery01\comp345-a1-v2\debug\link.8804.write.1.tlog
c:\users\milkythunderous\documents\school\concordia\fall 2015\comp345\comp345-project\comp345-risk\comp345-delivery01\comp345-a1-v2\debug\link.8844-cvtres.read.1.tlog
c:\users\milkythunderous\documents\school\concordia\fall 2015\comp345\comp345-project\comp345-risk\comp345-delivery01\comp345-a1-v2\debug\link.8844-cvtres.write.1.tlog
c:\users\milkythunderous\documents\school\concordia\fall 2015\comp345\comp345-project\comp345-risk\comp345-delivery01\comp345-a1-v2\debug\link.8844-rc.read.1.tlog
c:\users\milkythunderous\documents\school\concordia\fall 2015\comp345\comp345-project\comp345-risk\comp345-delivery01\comp345-a1-v2\debug\link.8844-rc.write.1.tlog
c:\users\milkythunderous\documents\school\concordia\fall 2015\comp345\comp345-project\comp345-risk\comp345-delivery01\comp345-a1-v2\debug\link.8844.read.1.tlog
c:\users\milkythunderous\documents\school\concordia\fall 2015\comp345\comp345-project\comp345-risk\comp345-delivery01\comp345-a1-v2\debug\link.8844.write.1.tlog
c:\users\milkythunderous\documents\school\concordia\fall 2015\comp345\comp345-project\comp345-risk\comp345-delivery01\comp345-a1-v2\debug\link.8868-cvtres.read.1.tlog
c:\users\milkythunderous\documents\school\concordia\fall 2015\comp345\comp345-project\comp345-risk\comp345-delivery01\comp345-a1-v2\debug\link.8868-cvtres.write.1.tlog
c:\users\milkythunderous\documents\school\concordia\fall 2015\comp345\comp345-project\comp345-risk\comp345-delivery01\comp345-a1-v2\debug\link.8868-rc.read.1.tlog
c:\users\milkythunderous\documents\school\concordia\fall 2015\comp345\comp345-project\comp345-risk\comp345-delivery01\comp345-a1-v2\debug\link.8868-rc.write.1.tlog
c:\users\milkythunderous\documents\school\concordia\fall 2015\comp345\comp345-project\comp345-risk\comp345-delivery01\comp345-a1-v2\debug\link.8868.read.1.tlog
c:\users\milkythunderous\documents\school\concordia\fall 2015\comp345\comp345-project\comp345-risk\comp345-delivery01\comp345-a1-v2\debug\link.8868.write.1.tlog
c:\users\milkythunderous\documents\school\concordia\fall 2015\comp345\comp345-project\comp345-risk\comp345-delivery01\comp345-a1-v2\debug\link.command.1.tlog
c:\users\milkythunderous\documents\school\concordia\fall 2015\comp345\comp345-project\comp345-risk\comp345-delivery01\comp345-a1-v2\debug\link.read.1.tlog
c:\users\milkythunderous\documents\school\concordia\fall 2015\comp345\comp345-project\comp345-risk\comp345-delivery01\comp345-a1-v2\debug\link.write.1.tlog
c:\users\milkythunderous\documents\school\concordia\fall 2015\comp345\comp345-project\comp345-risk\comp345-delivery01\comp345-a1-v2\debug\vc110.idb
c:\users\milkythunderous\documents\school\concordia\fall 2015\comp345\comp345-project\comp345-risk\comp345-delivery01\comp345-a1-v2\debug\vc110.pdb
c:\users\milkythunderous\documents\school\concordia\fall 2015\comp345\comp345-project\comp345-risk\comp345-delivery01\comp345-a1-v2\debug\comp345-a1-v2.tlog\cl.command.1.tlog
c:\users\milkythunderous\documents\school\concordia\fall 2015\comp345\comp345-project\comp345-risk\comp345-delivery01\comp345-a1-v2\debug\comp345-a1-v2.tlog\cl.read.1.tlog
c:\users\milkythunderous\documents\school\concordia\fall 2015\comp345\comp345-project\comp345-risk\comp345-delivery01\comp345-a1-v2\debug\comp345-a1-v2.tlog\cl.write.1.tlog
c:\users\milkythunderous\documents\school\concordia\fall 2015\comp345\comp345-project\comp345-risk\comp345-delivery01\comp345-a1-v2\debug\comp345-a1-v2.tlog\link.command.1.tlog
c:\users\milkythunderous\documents\school\concordia\fall 2015\comp345\comp345-project\comp345-risk\comp345-delivery01\comp345-a1-v2\debug\comp345-a1-v2.tlog\link.read.1.tlog
c:\users\milkythunderous\documents\school\concordia\fall 2015\comp345\comp345-project\comp345-risk\comp345-delivery01\comp345-a1-v2\debug\comp345-a1-v2.tlog\link.write.1.tlog
