Build started 2015-11-11 3:26:27 AM.
     1>Project "C:\Users\milkythunderous\Documents\School\Concordia\Fall 2015\comp345\comp345-PROJECT\COMP345-Risk\comp345-delivery01\comp345-a1-v2\comp345-a1-v2.vcxproj" on node 2 (Build target(s)).
     1>ClCompile:
         C:\Program Files (x86)\Microsoft Visual Studio 12.0\VC\bin\CL.exe /c /ZI /nologo /W3 /WX- /Od /Oy- /D WIN32 /D _DEBUG /D _CONSOLE /D _UNICODE /D UNICODE /Gm /EHsc /RTC1 /MDd /GS /fp:precise /Zc:wchar_t /Zc:forScope /Fo"Debug\\" /Fd"Debug\vc120.pdb" /Gd /TP /analyze- /errorReport:prompt Continent.cpp Country.cpp Fortification.cpp SelectandBattle.cpp driver.cpp main.cpp
         main.cpp
     1>c:\users\milkythunderous\documents\school\concordia\fall 2015\comp345\comp345-project\comp345-risk\comp345-delivery01\comp345-a1-v2\main.cpp(19): warning C4244: 'argument' : conversion from 'time_t' to 'unsigned int', possible loss of data
         driver.cpp
         SelectandBattle.cpp
     1>c:\users\milkythunderous\documents\school\concordia\fall 2015\comp345\comp345-project\comp345-risk\comp345-delivery01\comp345-a1-v2\selectandbattle.cpp(166): warning C4102: 'std' : unreferenced label
         Fortification.cpp
     1>c:\users\milkythunderous\documents\school\concordia\fall 2015\comp345\comp345-project\comp345-risk\comp345-delivery01\comp345-a1-v2\fortification.cpp(138): warning C4018: '<' : signed/unsigned mismatch
         Country.cpp
         Generating Code...
         Compiling...
         Continent.cpp
         Generating Code...
       Link:
         C:\Program Files (x86)\Microsoft Visual Studio 12.0\VC\bin\link.exe /ERRORREPORT:PROMPT /OUT:"C:\Users\milkythunderous\Documents\School\Concordia\Fall 2015\comp345\comp345-PROJECT\COMP345-Risk\comp345-delivery01\Debug\comp345-a1-v2.exe" /INCREMENTAL:NO /NOLOGO kernel32.lib user32.lib gdi32.lib winspool.lib comdlg32.lib advapi32.lib shell32.lib ole32.lib oleaut32.lib uuid.lib odbc32.lib odbccp32.lib /MANIFEST /MANIFESTUAC:"level='asInvoker' uiAccess='false'" /manifest:embed /DEBUG /PDB:"C:\Users\milkythunderous\Documents\School\Concordia\Fall 2015\comp345\comp345-PROJECT\COMP345-Risk\comp345-delivery01\Debug\comp345-a1-v2.pdb" /SUBSYSTEM:CONSOLE /TLBID:1 /DYNAMICBASE /NXCOMPAT /IMPLIB:"C:\Users\milkythunderous\Documents\School\Concordia\Fall 2015\comp345\comp345-PROJECT\COMP345-Risk\comp345-delivery01\Debug\comp345-a1-v2.lib" /MACHINE:X86 Debug\Battle.obj
         Debug\Continent.obj
         Debug\Country.obj
         Debug\driver.obj
         Debug\Fortification.obj
         Debug\main.obj
         Debug\MapManager.obj
         Debug\player.obj
         Debug\SelectandBattle.obj
         Debug\stdafx.obj
     1>Battle.obj : warning LNK4075: ignoring '/EDITANDCONTINUE' due to '/OPT:LBR' specification
         comp345-a1-v2.vcxproj -> C:\Users\milkythunderous\Documents\School\Concordia\Fall 2015\comp345\comp345-PROJECT\COMP345-Risk\comp345-delivery01\Debug\comp345-a1-v2.exe
     1>Done Building Project "C:\Users\milkythunderous\Documents\School\Concordia\Fall 2015\comp345\comp345-PROJECT\COMP345-Risk\comp345-delivery01\comp345-a1-v2\comp345-a1-v2.vcxproj" (Build target(s)).

Build succeeded.

Time Elapsed 00:00:04.62
